0 info it worked if it ends with ok
1 verbose cli [ 'C:\\Program Files\\nodejs\\\\node.exe',
1 verbose cli   'C:\\Program Files\\nodejs\\node_modules\\npm\\bin\\npm-cli.js',
1 verbose cli   'install',
1 verbose cli   'comIssues',
1 verbose cli   'gulp-ruby',
1 verbose cli   'sass' ]
2 info using npm@1.4.23
3 info using node@v0.10.31
4 verbose node symlink C:\Program Files\nodejs\\node.exe
5 warn package.json comissues@1.0.0 No repository field.
6 warn package.json comissues@1.0.0 No README data
7 verbose readDependencies using package.json deps
8 verbose cache add [ 'comIssues', null ]
9 verbose cache add name=undefined spec="comIssues" args=["comIssues",null]
10 verbose parsed url { protocol: null,
10 verbose parsed url   slashes: null,
10 verbose parsed url   auth: null,
10 verbose parsed url   host: null,
10 verbose parsed url   port: null,
10 verbose parsed url   hostname: null,
10 verbose parsed url   hash: null,
10 verbose parsed url   search: null,
10 verbose parsed url   query: null,
10 verbose parsed url   pathname: 'comIssues',
10 verbose parsed url   path: 'comIssues',
10 verbose parsed url   href: 'comIssues' }
11 verbose cache add [ 'gulp-ruby', null ]
12 verbose cache add name=undefined spec="gulp-ruby" args=["gulp-ruby",null]
13 verbose parsed url { protocol: null,
13 verbose parsed url   slashes: null,
13 verbose parsed url   auth: null,
13 verbose parsed url   host: null,
13 verbose parsed url   port: null,
13 verbose parsed url   hostname: null,
13 verbose parsed url   hash: null,
13 verbose parsed url   search: null,
13 verbose parsed url   query: null,
13 verbose parsed url   pathname: 'gulp-ruby',
13 verbose parsed url   path: 'gulp-ruby',
13 verbose parsed url   href: 'gulp-ruby' }
14 verbose cache add [ 'sass', null ]
15 verbose cache add name=undefined spec="sass" args=["sass",null]
16 verbose parsed url { protocol: null,
16 verbose parsed url   slashes: null,
16 verbose parsed url   auth: null,
16 verbose parsed url   host: null,
16 verbose parsed url   port: null,
16 verbose parsed url   hostname: null,
16 verbose parsed url   hash: null,
16 verbose parsed url   search: null,
16 verbose parsed url   query: null,
16 verbose parsed url   pathname: 'sass',
16 verbose parsed url   path: 'sass',
16 verbose parsed url   href: 'sass' }
17 silly lockFile 81daa766-comIssues comIssues
18 verbose lock comIssues C:\Users\byrnes\AppData\Roaming\npm-cache\81daa766-comIssues.lock
19 silly lockFile 94fbcd58-gulp-ruby gulp-ruby
20 verbose lock gulp-ruby C:\Users\byrnes\AppData\Roaming\npm-cache\94fbcd58-gulp-ruby.lock
21 silly lockFile 5d7463cd-sass sass
22 verbose lock sass C:\Users\byrnes\AppData\Roaming\npm-cache\5d7463cd-sass.lock
23 silly lockFile 81daa766-comIssues comIssues
24 silly lockFile 81daa766-comIssues comIssues
25 silly lockFile 94fbcd58-gulp-ruby gulp-ruby
26 silly lockFile 94fbcd58-gulp-ruby gulp-ruby
27 silly lockFile 5d7463cd-sass sass
28 silly lockFile 5d7463cd-sass sass
29 verbose addNamed [ 'comIssues', '' ]
30 verbose addNamed [ null, '*' ]
31 silly lockFile ba174ab2-comIssues comIssues@
32 verbose lock comIssues@ C:\Users\byrnes\AppData\Roaming\npm-cache\ba174ab2-comIssues.lock
33 verbose addNamed [ 'gulp-ruby', '' ]
34 verbose addNamed [ null, '*' ]
35 silly lockFile 0e56c09e-gulp-ruby gulp-ruby@
36 verbose lock gulp-ruby@ C:\Users\byrnes\AppData\Roaming\npm-cache\0e56c09e-gulp-ruby.lock
37 verbose addNamed [ 'sass', '' ]
38 verbose addNamed [ null, '*' ]
39 silly lockFile abea0ec1-sass sass@
40 verbose lock sass@ C:\Users\byrnes\AppData\Roaming\npm-cache\abea0ec1-sass.lock
41 silly addNameRange { name: 'comIssues', range: '*', hasData: false }
42 silly addNameRange { name: 'gulp-ruby', range: '*', hasData: false }
43 verbose request where is /comIssues
44 verbose request registry https://registry.npmjs.org/
45 verbose request id f63310322ae423a6
46 verbose url raw /comIssues
47 verbose url resolving [ 'https://registry.npmjs.org/', './comIssues' ]
48 verbose url resolved https://registry.npmjs.org/comIssues
49 verbose request where is https://registry.npmjs.org/comIssues
50 info trying registry request attempt 1 at 17:11:37
51 http GET https://registry.npmjs.org/comIssues
52 silly addNameRange { name: 'sass', range: '*', hasData: false }
53 verbose request where is /gulp-ruby
54 verbose request registry https://registry.npmjs.org/
55 verbose url raw /gulp-ruby
56 verbose url resolving [ 'https://registry.npmjs.org/', './gulp-ruby' ]
57 verbose url resolved https://registry.npmjs.org/gulp-ruby
58 verbose request where is https://registry.npmjs.org/gulp-ruby
59 info trying registry request attempt 1 at 17:11:37
60 http GET https://registry.npmjs.org/gulp-ruby
61 verbose request where is /sass
62 verbose request registry https://registry.npmjs.org/
63 verbose url raw /sass
64 verbose url resolving [ 'https://registry.npmjs.org/', './sass' ]
65 verbose url resolved https://registry.npmjs.org/sass
66 verbose request where is https://registry.npmjs.org/sass
67 info trying registry request attempt 1 at 17:11:37
68 http GET https://registry.npmjs.org/sass
69 http 404 https://registry.npmjs.org/gulp-ruby
70 verbose headers { date: 'Thu, 12 Feb 2015 17:11:38 GMT',
70 verbose headers   server: 'CouchDB/1.5.0 (Erlang OTP/R16B03)',
70 verbose headers   'content-type': 'application/json',
70 verbose headers   'cache-control': 'max-age=0',
70 verbose headers   'content-length': '52',
70 verbose headers   'accept-ranges': 'bytes',
70 verbose headers   via: '1.1 varnish',
70 verbose headers   age: '0',
70 verbose headers   'x-served-by': 'cache-jfk1034-JFK',
70 verbose headers   'x-cache': 'MISS',
70 verbose headers   'x-cache-hits': '0',
70 verbose headers   'x-timer': 'S1423761097.943654,VS0,VE90',
70 verbose headers   'keep-alive': 'timeout=10, max=50',
70 verbose headers   connection: 'Keep-Alive' }
71 silly registry.get cb [ 404,
71 silly registry.get   { date: 'Thu, 12 Feb 2015 17:11:38 GMT',
71 silly registry.get     server: 'CouchDB/1.5.0 (Erlang OTP/R16B03)',
71 silly registry.get     'content-type': 'application/json',
71 silly registry.get     'cache-control': 'max-age=0',
71 silly registry.get     'content-length': '52',
71 silly registry.get     'accept-ranges': 'bytes',
71 silly registry.get     via: '1.1 varnish',
71 silly registry.get     age: '0',
71 silly registry.get     'x-served-by': 'cache-jfk1034-JFK',
71 silly registry.get     'x-cache': 'MISS',
71 silly registry.get     'x-cache-hits': '0',
71 silly registry.get     'x-timer': 'S1423761097.943654,VS0,VE90',
71 silly registry.get     'keep-alive': 'timeout=10, max=50',
71 silly registry.get     connection: 'Keep-Alive' } ]
72 silly lockFile 0e56c09e-gulp-ruby gulp-ruby@
73 silly lockFile 0e56c09e-gulp-ruby gulp-ruby@
74 error 404 404 Not Found: gulp-ruby
74 error 404
74 error 404 'gulp-ruby' is not in the npm registry.
74 error 404 You should bug the author to publish it
74 error 404 It was specified as a dependency of 'comissues'
74 error 404
74 error 404 Note that you can also install from a
74 error 404 tarball, folder, or http url, or git url.
75 error System Windows_NT 6.1.7601
76 error command "C:\\Program Files\\nodejs\\\\node.exe" "C:\\Program Files\\nodejs\\node_modules\\npm\\bin\\npm-cli.js" "install" "comIssues" "gulp-ruby" "sass"
77 error cwd C:\Users\byrnes\Documents\GitHub\comIssues
78 error node -v v0.10.31
79 error npm -v 1.4.23
80 error code E404
81 verbose exit [ 1, true ]
